<?xml version="1.0" encoding="UTF-8"?>
<testng-results skipped="0" failed="0" ignored="0" total="1" passed="1">
  <reporter-output>
  </reporter-output>
  <suite name="Default suite" duration-ms="34306" started-at="2022-02-06T17:09:05 CET" finished-at="2022-02-06T17:09:39 CET">
    <groups>
    </groups>
    <test name="Default test" duration-ms="34306" started-at="2022-02-06T17:09:05 CET" finished-at="2022-02-06T17:09:39 CET">
      <class name="d04_02_2022.Zadatak1">
        <test-method status="PASS" signature="before()[pri:0, instance:d04_02_2022.Zadatak1@371a67ec]" name="before" is-config="true" duration-ms="11716" started-at="2022-02-06T17:09:05 CET" finished-at="2022-02-06T17:09:17 CET">
          <reporter-output>
          </reporter-output>
        </test-method> <!-- before -->
        <test-method status="PASS" signature="inputsTest()[pri:0, instance:d04_02_2022.Zadatak1@371a67ec]" name="inputsTest" duration-ms="22530" started-at="2022-02-06T17:09:17 CET" finished-at="2022-02-06T17:09:39 CET">
          <reporter-output>
          </reporter-output>
        </test-method> <!-- inputsTest -->
      </class> <!-- d04_02_2022.Zadatak1 -->
    </test> <!-- Default test -->
  </suite> <!-- Default suite -->
</testng-results>
